<?xml version="1.0" encoding="UTF-8"?>
<!-- Generated by org.testng.reporters.JUnitReportReporter -->
<testsuite skipped="0" hostname="amrits-MacBook-Air.local" name="UserTimelineTest" tests="3" failures="0" timestamp="13 Nov 2017 11:10:35 GMT" time="12.555" errors="0">
  <testcase name="readTweets1" time="1.948" classname="UserTimelineTest"/>
  <testcase name="readTweets3" time="1.020" classname="UserTimelineTest"/>
  <testcase name="readTweets" time="9.587" classname="UserTimelineTest"/>
</testsuite> <!-- UserTimelineTest -->
